npm verb cli /Users/sanguine/.nvm/versions/node/v18.14.0/bin/node /Users/sanguine/.nvm/versions/node/v18.14.0/bin/npm
npm info using npm@9.3.1
npm info using node@v18.14.0
npm verb title npm install
npm verb argv "install" "--legacy-peer-deps" "--loglevel" "verbose"
npm verb logfile logs-max:10 dir:/Users/sanguine/.npm/_logs/2024-02-29T18_56_47_257Z-
npm verb logfile /Users/sanguine/.npm/_logs/2024-02-29T18_56_47_257Z-debug-0.log
npm http fetch GET 200 https://registry.npmjs.org/@badeball%2fcypress-cucumber-preprocessor 882ms (cache revalidated)
npm http fetch GET 200 https://registry.npmjs.org/@cypress%2fbrowserify-preprocessor 866ms (cache revalidated)
npm http fetch GET 200 https://registry.npmjs.org/@faker-js%2ffaker 1070ms (cache revalidated)
npm http fetch GET 200 https://registry.npmjs.org/cypress 66ms (cache revalidated)
npm http fetch GET 200 https://registry.npmjs.org/cypress-fill-command 545ms (cache revalidated)
npm http fetch GET 200 https://registry.npmjs.org/cypress-mailslurp 544ms (cache revalidated)
npm http fetch GET 200 https://registry.npmjs.org/browserstack-cypress-cli 553ms (cache revalidated)
npm http fetch GET 200 https://registry.npmjs.org/common-ancestor-path 314ms (cache revalidated)
npm http fetch GET 200 https://registry.npmjs.org/error-stack-parser 314ms (cache revalidated)
npm http fetch GET 200 https://registry.npmjs.org/debug 316ms (cache revalidated)
npm http fetch GET 200 https://registry.npmjs.org/cli-table 321ms (cache revalidated)
npm http fetch GET 200 https://registry.npmjs.org/base64-js 325ms (cache revalidated)
npm http fetch GET 200 https://registry.npmjs.org/cosmiconfig 345ms (cache revalidated)
npm http fetch GET 200 https://registry.npmjs.org/seedrandom 349ms (cache revalidated)
npm http fetch GET 200 https://registry.npmjs.org/uuid 355ms (cache revalidated)
npm http fetch GET 200 https://registry.npmjs.org/@cucumber%2ftag-expressions 364ms (cache revalidated)
npm http fetch GET 200 https://registry.npmjs.org/@cucumber%2fcucumber 367ms (cache revalidated)
npm http fetch GET 200 https://registry.npmjs.org/is-path-inside 380ms (cache revalidated)
npm http fetch GET 200 https://registry.npmjs.org/@babel%2fplugin-transform-runtime 390ms (cache revalidated)
npm http fetch GET 200 https://registry.npmjs.org/babel-plugin-add-module-exports 394ms (cache revalidated)
npm http fetch GET 200 https://registry.npmjs.org/mocha 399ms (cache revalidated)
npm http fetch GET 200 https://registry.npmjs.org/chalk 434ms (cache revalidated)
npm http fetch GET 200 https://registry.npmjs.org/@babel%2fcore 435ms (cache revalidated)
npm http fetch GET 200 https://registry.npmjs.org/glob 438ms (cache revalidated)
npm http fetch GET 200 https://registry.npmjs.org/through2 425ms (cache revalidated)
npm http fetch GET 200 https://registry.npmjs.org/split 477ms (cache revalidated)
npm http fetch GET 200 https://registry.npmjs.org/bluebird 485ms (cache revalidated)
npm http fetch GET 200 https://registry.npmjs.org/@babel%2fpreset-react 493ms (cache revalidated)
npm http fetch GET 200 https://registry.npmjs.org/watchify 481ms (cache revalidated)
npm http fetch GET 200 https://registry.npmjs.org/debug 521ms (cache revalidated)
npm http fetch GET 200 https://registry.npmjs.org/esbuild 548ms (cache revalidated)
npm http fetch GET 200 https://registry.npmjs.org/source-map 552ms (cache revalidated)
npm http fetch GET 200 https://registry.npmjs.org/@babel%2fplugin-proposal-object-rest-spread 557ms (cache revalidated)
npm http fetch GET 200 https://registry.npmjs.org/lodash.clonedeep 569ms (cache revalidated)
npm http fetch GET 200 https://registry.npmjs.org/fs-extra 765ms (cache revalidated)
npm http fetch GET 200 https://registry.npmjs.org/chalk 766ms (cache revalidated)
npm http fetch GET 200 https://registry.npmjs.org/coffeescript 774ms (cache revalidated)
npm http fetch GET 200 https://registry.npmjs.org/@cucumber%2fgherkin 802ms (cache revalidated)
npm http fetch GET 200 https://registry.npmjs.org/fs-extra 776ms (cache revalidated)
npm http fetch GET 200 https://registry.npmjs.org/request 771ms (cache revalidated)
npm http fetch GET 200 https://registry.npmjs.org/archiver 779ms (cache revalidated)
npm http fetch GET 200 https://registry.npmjs.org/mkdirp 788ms (cache revalidated)
npm http fetch GET 200 https://registry.npmjs.org/coffeeify 828ms (cache revalidated)
npm http fetch GET 200 https://registry.npmjs.org/cli-progress 819ms (cache revalidated)
npm http fetch GET 200 https://registry.npmjs.org/update-notifier 850ms (cache revalidated)
npm http fetch GET 200 https://registry.npmjs.org/@babel%2fpreset-env 882ms (cache revalidated)
npm http fetch GET 200 https://registry.npmjs.org/babelify 889ms (cache revalidated)
npm http fetch GET 200 https://registry.npmjs.org/@babel%2fruntime 891ms (cache revalidated)
npm http fetch GET 200 https://registry.npmjs.org/uuid 883ms (cache revalidated)
npm http fetch GET 200 https://registry.npmjs.org/yargs 895ms (cache revalidated)
npm http fetch GET 200 https://registry.npmjs.org/async 905ms (cache revalidated)
npm http fetch GET 200 https://registry.npmjs.org/browserify 939ms (cache revalidated)
npm http fetch GET 200 https://registry.npmjs.org/decompress 956ms (cache revalidated)
npm http fetch GET 200 https://registry.npmjs.org/winston 956ms (cache revalidated)
npm http fetch GET 200 https://registry.npmjs.org/@types%2fsizzle 955ms (cache revalidated)
npm http fetch GET 200 https://registry.npmjs.org/glob 992ms (cache revalidated)
npm http fetch GET 200 https://registry.npmjs.org/windows-release 997ms (cache revalidated)
npm http fetch GET 200 https://registry.npmjs.org/table 997ms (cache revalidated)
npm http fetch GET 200 https://registry.npmjs.org/chalk 1072ms (cache revalidated)
npm http fetch GET 200 https://registry.npmjs.org/browserstack-local 1087ms (cache revalidated)
npm http fetch GET 200 https://registry.npmjs.org/git-last-commit 1085ms (cache revalidated)
npm http fetch GET 200 https://registry.npmjs.org/@cypress%2fxvfb 1082ms (cache revalidated)
npm http fetch GET 200 https://registry.npmjs.org/@types%2fsinonjs__fake-timers 1083ms (cache revalidated)
npm http fetch GET 200 https://registry.npmjs.org/common-tags 1093ms (cache revalidated)
npm http fetch GET 200 https://registry.npmjs.org/cli-cursor 1095ms (cache revalidated)
npm http fetch GET 200 https://registry.npmjs.org/blob-util 1102ms (cache revalidated)
npm http fetch GET 200 https://registry.npmjs.org/buffer 1124ms (cache revalidated)
npm http fetch GET 200 https://registry.npmjs.org/eventemitter2 1132ms (cache revalidated)
npm http fetch GET 200 https://registry.npmjs.org/dayjs 1132ms (cache revalidated)
npm http fetch GET 200 https://registry.npmjs.org/fs-extra 1252ms (cache revalidated)
npm http fetch GET 200 https://registry.npmjs.org/@babel%2fplugin-proposal-class-properties 1294ms (cache revalidated)
npm http fetch GET 200 https://registry.npmjs.org/gitconfiglocal 1284ms (cache revalidated)
npm http fetch GET 200 https://registry.npmjs.org/@cucumber%2fmessages 1323ms (cache revalidated)
npm http fetch GET 200 https://registry.npmjs.org/@badeball%2fcypress-configuration 1326ms (cache revalidated)
npm http fetch GET 200 https://registry.npmjs.org/@cucumber%2fcucumber-expressions 1326ms (cache revalidated)
npm http fetch GET 200 https://registry.npmjs.org/@cucumber%2fmessage-streams 1326ms (cache revalidated)
npm http fetch GET 200 https://registry.npmjs.org/@cucumber%2fci-environment 1330ms (cache revalidated)
npm http fetch GET 200 https://registry.npmjs.org/@cucumber%2fhtml-formatter 1334ms (cache revalidated)
npm http fetch GET 200 https://registry.npmjs.org/check-more-types 1291ms (cache revalidated)
npm http fetch GET 200 https://registry.npmjs.org/figures 1315ms (cache revalidated)
npm http fetch GET 200 https://registry.npmjs.org/is-ci 1315ms (cache revalidated)
npm http fetch GET 200 https://registry.npmjs.org/@cucumber%2fpretty-formatter 1364ms (cache revalidated)
npm http fetch GET 200 https://registry.npmjs.org/execa 1318ms (cache revalidated)
npm http fetch GET 200 https://registry.npmjs.org/enquirer 1325ms (cache revalidated)
npm http fetch GET 200 https://registry.npmjs.org/arch 1330ms (cache revalidated)
npm http fetch GET 200 https://registry.npmjs.org/extract-zip 1327ms (cache revalidated)
npm http fetch GET 200 https://registry.npmjs.org/getos 1333ms (cache revalidated)
npm http fetch GET 200 https://registry.npmjs.org/listr2 1356ms (cache revalidated)
npm http fetch GET 200 https://registry.npmjs.org/process 1370ms (cache revalidated)
npm http fetch GET 200 https://registry.npmjs.org/proxy-from-env 1370ms (cache revalidated)
npm http fetch GET 200 https://registry.npmjs.org/@cypress%2frequest 1391ms (cache revalidated)
npm http fetch GET 200 https://registry.npmjs.org/requestretry 1394ms (cache revalidated)
npm http fetch GET 200 https://registry.npmjs.org/cachedir 1390ms (cache revalidated)
npm http fetch GET 200 https://registry.npmjs.org/log-symbols 1382ms (cache revalidated)
npm http fetch GET 200 https://registry.npmjs.org/lodash 1383ms (cache revalidated)
npm http fetch GET 200 https://registry.npmjs.org/minimist 1383ms (cache revalidated)
npm http fetch GET 200 https://registry.npmjs.org/executable 1387ms (cache revalidated)
npm http fetch GET 200 https://registry.npmjs.org/lazy-ass 1386ms (cache revalidated)
npm http fetch GET 200 https://registry.npmjs.org/semver 1381ms (cache revalidated)
npm http fetch GET 200 https://registry.npmjs.org/node-ipc 1416ms (cache revalidated)
npm http fetch GET 200 https://registry.npmjs.org/yauzl 1398ms (cache revalidated)
npm http fetch GET 200 https://registry.npmjs.org/pretty-bytes 1408ms (cache revalidated)
npm http fetch GET 200 https://registry.npmjs.org/untildify 1400ms (cache revalidated)
npm http fetch GET 200 https://registry.npmjs.org/tmp 1406ms (cache revalidated)
npm http fetch GET 200 https://registry.npmjs.org/supports-color 1412ms (cache revalidated)
npm http fetch GET 200 https://registry.npmjs.org/git-repo-info 1605ms (cache revalidated)
npm http fetch GET 200 https://registry.npmjs.org/request-progress 1584ms (cache revalidated)
npm http fetch GET 200 https://registry.npmjs.org/getmac 1609ms (cache revalidated)
npm http fetch GET 200 https://registry.npmjs.org/cli-table3 1677ms (cache revalidated)
npm http fetch GET 200 https://registry.npmjs.org/commander 1813ms (cache revalidated)
npm http fetch GET 200 https://registry.npmjs.org/is-installed-globally 1844ms (cache revalidated)
npm http fetch GET 200 https://registry.npmjs.org/mailslurp-client 1951ms (cache revalidated)
npm http fetch GET 200 https://registry.npmjs.org/ospath 1976ms (cache revalidated)
npm http fetch GET 200 https://registry.npmjs.org/mz 94ms (cache revalidated)
npm http fetch GET 200 https://registry.npmjs.org/progress 97ms (cache revalidated)
npm http fetch GET 200 https://registry.npmjs.org/indent-string 100ms (cache revalidated)
npm http fetch GET 200 https://registry.npmjs.org/assertion-error-formatter 109ms (cache revalidated)
npm http fetch GET 200 https://registry.npmjs.org/lodash.merge 106ms (cache revalidated)
npm http fetch GET 200 https://registry.npmjs.org/xmlbuilder 104ms (cache revalidated)
npm http fetch GET 200 https://registry.npmjs.org/has-ansi 112ms (cache revalidated)
npm http fetch GET 200 https://registry.npmjs.org/yaml 107ms (cache revalidated)
npm http fetch GET 200 https://registry.npmjs.org/node-hook 119ms (cache revalidated)
npm http fetch GET 200 https://registry.npmjs.org/@babel%2fparser 120ms (cache revalidated)
npm http fetch GET 200 https://registry.npmjs.org/is-stream 124ms (cache revalidated)
npm http fetch GET 200 https://registry.npmjs.org/read-pkg-up 126ms (cache revalidated)
npm http fetch GET 200 https://registry.npmjs.org/type-fest 127ms (cache revalidated)
npm http fetch GET 200 https://registry.npmjs.org/ts-dedent 137ms (cache revalidated)
npm http fetch GET 200 https://registry.npmjs.org/colors 149ms (cache revalidated)
npm http fetch GET 200 https://registry.npmjs.org/parse-json 148ms (cache revalidated)
npm http fetch GET 200 https://registry.npmjs.org/string-argv 155ms (cache revalidated)
npm http fetch GET 200 https://registry.npmjs.org/ansi-styles 153ms (cache revalidated)
npm http fetch GET 200 https://registry.npmjs.org/reflect-metadata 161ms (cache revalidated)
npm http fetch GET 200 https://registry.npmjs.org/@esbuild%2fandroid-arm64 167ms (cache revalidated)
npm http fetch GET 200 https://registry.npmjs.org/import-fresh 169ms (cache revalidated)
npm http fetch GET 200 https://registry.npmjs.org/ansi-styles 265ms (cache revalidated)
npm http fetch GET 200 https://registry.npmjs.org/@esbuild%2fdarwin-arm64 263ms (cache revalidated)
npm http fetch GET 200 https://registry.npmjs.org/@types%2fuuid 268ms (cache revalidated)
npm http fetch GET 200 https://registry.npmjs.org/minimatch 278ms (cache revalidated)
npm http fetch GET 200 https://registry.npmjs.org/path-type 267ms (cache revalidated)
npm http fetch GET 200 https://registry.npmjs.org/@esbuild%2fandroid-x64 265ms (cache revalidated)
npm http fetch GET 200 https://registry.npmjs.org/@esbuild%2fdarwin-x64 267ms (cache revalidated)
npm http fetch GET 200 https://registry.npmjs.org/knuth-shuffle-seeded 285ms (cache revalidated)
npm http fetch GET 200 https://registry.npmjs.org/regexp-match-indices 296ms (cache revalidated)
npm http fetch GET 200 https://registry.npmjs.org/luxon 300ms (cache revalidated)
npm http fetch GET 200 https://registry.npmjs.org/js-yaml 303ms (cache revalidated)
npm http fetch GET 200 https://registry.npmjs.org/yup 307ms (cache revalidated)
npm http fetch GET 200 https://registry.npmjs.org/ms 309ms (cache revalidated)
npm http fetch GET 200 https://registry.npmjs.org/@esbuild%2flinux-loong64 329ms (cache revalidated)
npm http fetch GET 200 https://registry.npmjs.org/@esbuild%2flinux-mips64el 330ms (cache revalidated)
npm http fetch GET 200 https://registry.npmjs.org/@esbuild%2flinux-ia32 330ms (cache revalidated)
npm http fetch GET 200 https://registry.npmjs.org/@esbuild%2fandroid-arm 357ms (cache revalidated)
npm http fetch GET 200 https://registry.npmjs.org/@esbuild%2flinux-s390x 352ms (cache revalidated)
npm http fetch GET 200 https://registry.npmjs.org/strip-ansi 381ms (cache revalidated)
npm http fetch GET 200 https://registry.npmjs.org/@esbuild%2flinux-ppc64 380ms (cache revalidated)
npm http fetch GET 200 https://registry.npmjs.org/@esbuild%2flinux-arm 400ms (cache revalidated)
npm http fetch GET 200 https://registry.npmjs.org/@esbuild%2flinux-x64 398ms (cache revalidated)
npm http fetch GET 200 https://registry.npmjs.org/@esbuild%2fnetbsd-x64 408ms (cache revalidated)
npm http fetch GET 200 https://registry.npmjs.org/class-transformer 419ms (cache revalidated)
npm http fetch GET 200 https://registry.npmjs.org/@esbuild%2flinux-riscv64 431ms (cache revalidated)
npm http fetch GET 200 https://registry.npmjs.org/minipass 440ms (cache revalidated)
npm http fetch GET 200 https://registry.npmjs.org/@esbuild%2fwin32-arm64 454ms (cache revalidated)
npm http fetch GET 200 https://registry.npmjs.org/ansi-colors 456ms (cache revalidated)
npm http fetch GET 200 https://registry.npmjs.org/@esbuild%2fwin32-ia32 478ms (cache revalidated)
npm http fetch GET 200 https://registry.npmjs.org/minimatch 479ms (cache revalidated)
npm http fetch GET 200 https://registry.npmjs.org/js-yaml 508ms (cache revalidated)
npm http fetch GET 200 https://registry.npmjs.org/diff 524ms (cache revalidated)
npm http fetch GET 200 https://registry.npmjs.org/find-up 542ms (cache revalidated)
npm http fetch GET 200 https://registry.npmjs.org/resolve-pkg 583ms (cache revalidated)
npm http fetch GET 200 https://registry.npmjs.org/jackspeak 577ms (cache revalidated)
npm http fetch GET 200 https://registry.npmjs.org/serialize-javascript 575ms (cache revalidated)
npm http fetch GET 200 https://registry.npmjs.org/lodash.mergewith 636ms (cache revalidated)
npm http fetch GET 200 https://registry.npmjs.org/he 615ms (cache revalidated)
npm http fetch GET 200 https://registry.npmjs.org/escape-string-regexp 616ms (cache revalidated)
npm http fetch GET 200 https://registry.npmjs.org/path-scurry 621ms (cache revalidated)
npm http fetch GET 200 https://registry.npmjs.org/ms 647ms (cache revalidated)
npm http fetch GET 200 https://registry.npmjs.org/minimatch 648ms (cache revalidated)
npm http fetch GET 200 https://registry.npmjs.org/yargs-parser 648ms (cache revalidated)
npm http fetch GET 200 https://registry.npmjs.org/stackframe 669ms (cache revalidated)
npm http fetch GET 200 https://registry.npmjs.org/browser-stdout 686ms (cache revalidated)
npm http fetch GET 200 https://registry.npmjs.org/strip-json-comments 683ms (cache revalidated)
npm http fetch GET 200 https://registry.npmjs.org/foreground-child 784ms (cache revalidated)
npm http fetch GET 200 https://registry.npmjs.org/@esbuild%2ffreebsd-x64 812ms (cache revalidated)
npm http fetch GET 200 https://registry.npmjs.org/through 802ms (cache revalidated)
npm http fetch GET 200 https://registry.npmjs.org/@esbuild%2ffreebsd-arm64 864ms (cache revalidated)
npm http fetch GET 200 https://registry.npmjs.org/@esbuild%2fsunos-x64 887ms (cache revalidated)
npm http fetch GET 200 https://registry.npmjs.org/yargs-unparser 891ms (cache revalidated)
npm http fetch GET 200 https://registry.npmjs.org/capital-case 942ms (cache revalidated)
npm http fetch GET 200 https://registry.npmjs.org/@esbuild%2faix-ppc64 1090ms (cache revalidated)
npm http fetch GET 200 https://registry.npmjs.org/@cucumber%2fgherkin-utils 1124ms (cache revalidated)
npm http fetch GET 200 https://registry.npmjs.org/chokidar 1137ms (cache revalidated)
npm http fetch GET 200 https://registry.npmjs.org/@cucumber%2fgherkin-streams 1168ms (cache revalidated)
npm http fetch GET 200 https://registry.npmjs.org/workerpool 1171ms (cache revalidated)
npm http fetch GET 200 https://registry.npmjs.org/@esbuild%2fwin32-x64 1184ms (cache revalidated)
npm http fetch GET 200 https://registry.npmjs.org/util-arity 1323ms (cache revalidated)
npm http fetch GET 200 https://registry.npmjs.org/@esbuild%2flinux-arm64 1497ms (cache revalidated)
npm http fetch GET 200 https://registry.npmjs.org/@esbuild%2fopenbsd-x64 1591ms (cache revalidated)
npm http fetch GET 200 https://registry.npmjs.org/once 39ms (cache revalidated)
npm http fetch GET 200 https://registry.npmjs.org/fs.realpath 49ms (cache revalidated)
npm http fetch GET 200 https://registry.npmjs.org/inflight 50ms (cache revalidated)
npm http fetch GET 200 https://registry.npmjs.org/brace-expansion 61ms (cache revalidated)
npm http fetch GET 200 https://registry.npmjs.org/inherits 70ms (cache revalidated)
npm http fetch GET 200 https://registry.npmjs.org/path-is-absolute 92ms (cache revalidated)
npm http fetch GET 200 https://registry.npmjs.org/object-assign 131ms (cache revalidated)
npm http fetch GET 200 https://registry.npmjs.org/no-case 133ms (cache revalidated)
npm http fetch GET 200 https://registry.npmjs.org/tslib 133ms (cache revalidated)
npm http fetch GET 200 https://registry.npmjs.org/lru-cache 130ms (cache revalidated)
npm http fetch GET 200 https://registry.npmjs.org/global-dirs 133ms (cache revalidated)
npm http fetch GET 200 https://registry.npmjs.org/read-pkg 132ms (cache revalidated)
npm http fetch GET 200 https://registry.npmjs.org/repeat-string 137ms (cache revalidated)
npm http fetch GET 200 https://registry.npmjs.org/thenify-all 132ms (cache revalidated)
npm http fetch GET 200 https://registry.npmjs.org/ansi-regex 133ms (cache revalidated)
npm http fetch GET 200 https://registry.npmjs.org/string-width 152ms (cache revalidated)
npm http fetch GET 200 https://registry.npmjs.org/ansi-regex 151ms (cache revalidated)
npm http fetch GET 200 https://registry.npmjs.org/resolve-from 151ms (cache revalidated)
npm http fetch GET 200 https://registry.npmjs.org/upper-case-first 173ms (cache revalidated)
npm http fetch GET 200 https://registry.npmjs.org/toposort 174ms (cache revalidated)
npm http fetch GET 200 https://registry.npmjs.org/has-flag 218ms (cache revalidated)
npm http fetch GET 200 https://registry.npmjs.org/pad-right 559ms (cache revalidated)
npm http fetch GET 200 https://registry.npmjs.org/any-promise 556ms (cache revalidated)
npm http fetch GET 200 https://registry.npmjs.org/source-map-support 562ms (cache revalidated)
npm http fetch GET 200 https://registry.npmjs.org/source-map-support 563ms (cache revalidated)
npm http fetch GET 200 https://registry.npmjs.org/tiny-case 639ms (cache revalidated)
npm http fetch GET 200 https://registry.npmjs.org/property-expr 643ms (cache revalidated)
npm http fetch GET 200 https://registry.npmjs.org/seed-random 690ms (cache revalidated)
npm http fetch GET 200 https://registry.npmjs.org/@teppeis%2fmultimaps 798ms (cache revalidated)
npm http fetch GET 200 https://registry.npmjs.org/@colors%2fcolors 1165ms (cache revalidated)
npm http fetch GET 200 https://registry.npmjs.org/regexp-tree 62ms (cache revalidated)
npm http fetch GET 200 https://registry.npmjs.org/buffer-from 64ms (cache revalidated)
npm http fetch GET 200 https://registry.npmjs.org/babel-plugin-polyfill-regenerator 136ms (cache revalidated)
npm http fetch GET 200 https://registry.npmjs.org/convert-source-map 146ms (cache revalidated)
npm http fetch GET 200 https://registry.npmjs.org/json5 146ms (cache revalidated)
npm http fetch GET 200 https://registry.npmjs.org/gensync 149ms (cache revalidated)
npm http fetch GET 200 https://registry.npmjs.org/@babel%2fplugin-syntax-object-rest-spread 148ms (cache revalidated)
npm http fetch GET 200 https://registry.npmjs.org/@babel%2fhelper-create-class-features-plugin 151ms (cache revalidated)
npm http fetch GET 200 https://registry.npmjs.org/@babel%2ftemplate 155ms (cache revalidated)
npm http fetch GET 200 https://registry.npmjs.org/@babel%2fhelper-compilation-targets 156ms (cache revalidated)
npm http fetch GET 200 https://registry.npmjs.org/@babel%2fplugin-bugfix-v8-spread-parameters-in-optional-chaining 160ms (cache revalidated)
npm http fetch GET 200 https://registry.npmjs.org/@babel%2fhelper-module-transforms 170ms (cache revalidated)
npm http fetch GET 200 https://registry.npmjs.org/@babel%2fhelper-module-imports 173ms (cache revalidated)
npm http fetch GET 200 https://registry.npmjs.org/@babel%2ftypes 188ms (cache revalidated)
npm http fetch GET 200 https://registry.npmjs.org/@babel%2ftraverse 190ms (cache revalidated)
npm http fetch GET 200 https://registry.npmjs.org/@babel%2fhelper-plugin-utils 188ms (cache revalidated)
npm http fetch GET 200 https://registry.npmjs.org/@babel%2fgenerator 198ms (cache revalidated)
npm http fetch GET 200 https://registry.npmjs.org/@babel%2fplugin-bugfix-safari-id-destructuring-collision-in-function-expression 195ms (cache revalidated)
npm http fetch GET 200 https://registry.npmjs.org/@babel%2fcompat-data 199ms (cache revalidated)
npm http fetch GET 200 https://registry.npmjs.org/@babel%2fplugin-syntax-dynamic-import 200ms (cache revalidated)
npm http fetch GET 200 https://registry.npmjs.org/@babel%2fplugin-syntax-class-properties 203ms (cache revalidated)
npm http fetch GET 200 https://registry.npmjs.org/@babel%2fplugin-syntax-async-generators 216ms (cache revalidated)
npm http fetch GET 200 https://registry.npmjs.org/@babel%2fplugin-syntax-import-meta 214ms (cache revalidated)
npm http fetch GET 200 https://registry.npmjs.org/@babel%2fcode-frame 232ms (cache revalidated)
npm http fetch GET 200 https://registry.npmjs.org/@babel%2fplugin-syntax-import-attributes 223ms (cache revalidated)
npm http fetch GET 200 https://registry.npmjs.org/babel-plugin-polyfill-corejs3 229ms (cache revalidated)
npm http fetch GET 200 https://registry.npmjs.org/@babel%2fplugin-syntax-export-namespace-from 227ms (cache revalidated)
npm http fetch GET 200 https://registry.npmjs.org/babel-plugin-polyfill-corejs2 246ms (cache revalidated)
npm http fetch GET 200 https://registry.npmjs.org/@babel%2fplugin-syntax-nullish-coalescing-operator 248ms (cache revalidated)
npm http fetch GET 200 https://registry.npmjs.org/@babel%2fplugin-bugfix-v8-static-class-fields-redefine-readonly 344ms (cache revalidated)
npm http fetch GET 200 https://registry.npmjs.org/@babel%2fplugin-syntax-class-static-block 342ms (cache revalidated)
npm http fetch GET 200 https://registry.npmjs.org/@babel%2fplugin-syntax-optional-chaining 340ms (cache revalidated)
npm http fetch GET 200 https://registry.npmjs.org/@babel%2fplugin-transform-async-generator-functions 337ms (cache revalidated)
npm http fetch GET 200 https://registry.npmjs.org/@babel%2fplugin-syntax-import-assertions 343ms (cache revalidated)
npm http fetch GET 200 https://registry.npmjs.org/@babel%2fplugin-transform-class-properties 337ms (cache revalidated)
npm http fetch GET 200 https://registry.npmjs.org/@babel%2fhelpers 352ms (cache revalidated)
npm http fetch GET 200 https://registry.npmjs.org/@babel%2fplugin-syntax-numeric-separator 343ms (cache revalidated)
npm http fetch GET 200 https://registry.npmjs.org/@babel%2fplugin-transform-dotall-regex 364ms (cache revalidated)
npm http fetch GET 200 https://registry.npmjs.org/@babel%2fplugin-proposal-private-property-in-object 374ms (cache revalidated)
npm http fetch GET 200 https://registry.npmjs.org/@babel%2fplugin-transform-literals 369ms (cache revalidated)
npm http fetch GET 200 https://registry.npmjs.org/@babel%2fplugin-transform-classes 382ms (cache revalidated)
npm http fetch GET 200 https://registry.npmjs.org/@babel%2fplugin-transform-class-static-block 386ms (cache revalidated)
npm http fetch GET 200 https://registry.npmjs.org/@babel%2fplugin-transform-exponentiation-operator 388ms (cache revalidated)
npm http fetch GET 200 https://registry.npmjs.org/@babel%2fplugin-transform-block-scoping 392ms (cache revalidated)
npm http fetch GET 200 https://registry.npmjs.org/@ampproject%2fremapping 410ms (cache revalidated)
npm http fetch GET 200 https://registry.npmjs.org/@babel%2fplugin-transform-arrow-functions 410ms (cache revalidated)
npm http fetch GET 200 https://registry.npmjs.org/@babel%2fplugin-transform-destructuring 409ms (cache revalidated)
npm http fetch GET 200 https://registry.npmjs.org/@babel%2fcompat-data 423ms (cache revalidated)
npm http fetch GET 200 https://registry.npmjs.org/@babel%2fplugin-transform-dynamic-import 413ms (cache revalidated)
npm http fetch GET 200 https://registry.npmjs.org/@babel%2fplugin-transform-json-strings 419ms (cache revalidated)
npm http fetch GET 200 https://registry.npmjs.org/@babel%2fplugin-transform-modules-amd 427ms (cache revalidated)
npm http fetch GET 200 https://registry.npmjs.org/@babel%2fhelper-compilation-targets 452ms (cache revalidated)
npm http fetch GET 200 https://registry.npmjs.org/@babel%2fplugin-transform-logical-assignment-operators 437ms (cache revalidated)
npm http fetch GET 200 https://registry.npmjs.org/@babel%2fplugin-syntax-top-level-await 461ms (cache revalidated)
npm http fetch GET 200 https://registry.npmjs.org/@babel%2fplugin-transform-modules-commonjs 455ms (cache revalidated)
npm http fetch GET 200 https://registry.npmjs.org/@babel%2fplugin-syntax-private-property-in-object 466ms (cache revalidated)
npm http fetch GET 200 https://registry.npmjs.org/@babel%2fplugin-transform-block-scoped-functions 465ms (cache revalidated)
npm http fetch GET 200 https://registry.npmjs.org/@babel%2fplugin-transform-async-to-generator 475ms (cache revalidated)
npm http fetch GET 200 https://registry.npmjs.org/@babel%2fplugin-transform-new-target 470ms (cache revalidated)
npm http fetch GET 200 https://registry.npmjs.org/@babel%2fplugin-transform-modules-umd 477ms (cache revalidated)
npm http fetch GET 200 https://registry.npmjs.org/@babel%2fplugin-transform-numeric-separator 478ms (cache revalidated)
npm http fetch GET 200 https://registry.npmjs.org/@babel%2fplugin-transform-export-namespace-from 527ms (cache revalidated)
npm http fetch GET 200 https://registry.npmjs.org/@babel%2fplugin-transform-modules-systemjs 526ms (cache revalidated)
npm http fetch GET 200 https://registry.npmjs.org/@babel%2fplugin-transform-nullish-coalescing-operator 526ms (cache revalidated)
npm http fetch GET 200 https://registry.npmjs.org/@babel%2fplugin-transform-optional-chaining 525ms (cache revalidated)
npm http fetch GET 200 https://registry.npmjs.org/@babel%2fplugin-transform-for-of 530ms (cache revalidated)
npm http fetch GET 200 https://registry.npmjs.org/@babel%2fplugin-transform-computed-properties 532ms (cache revalidated)
npm http fetch GET 200 https://registry.npmjs.org/@babel%2fplugin-transform-sticky-regex 574ms (cache revalidated)
npm http fetch GET 200 https://registry.npmjs.org/@babel%2fplugin-transform-unicode-regex 574ms (cache revalidated)
npm http fetch GET 200 https://registry.npmjs.org/@babel%2fplugin-transform-duplicate-keys 583ms (cache revalidated)
npm http fetch GET 200 https://registry.npmjs.org/@babel%2fplugin-transform-reserved-words 575ms (cache revalidated)
npm http fetch GET 200 https://registry.npmjs.org/@babel%2fplugin-transform-template-literals 576ms (cache revalidated)
npm http fetch GET 200 https://registry.npmjs.org/@babel%2fplugin-transform-parameters 605ms (cache revalidated)
npm http fetch GET 200 https://registry.npmjs.org/@babel%2fplugin-transform-unicode-property-regex 616ms (cache revalidated)
npm http fetch GET 200 https://registry.npmjs.org/@babel%2fplugin-transform-spread 630ms (cache revalidated)
npm http fetch GET 200 https://registry.npmjs.org/@babel%2fplugin-transform-unicode-sets-regex 647ms (cache revalidated)
npm http fetch GET 200 https://registry.npmjs.org/@babel%2fhelper-validator-option 675ms (cache revalidated)
npm http fetch GET 200 https://registry.npmjs.org/@babel%2fplugin-transform-react-jsx-development 674ms (cache revalidated)
npm http fetch GET 200 https://registry.npmjs.org/@babel%2fplugin-transform-parameters 716ms (cache revalidated)
npm http fetch GET 200 https://registry.npmjs.org/@babel%2fhelper-validator-option 697ms (cache revalidated)
npm http fetch GET 200 https://registry.npmjs.org/JSONStream 709ms (cache revalidated)
npm http fetch GET 200 https://registry.npmjs.org/regenerator-runtime 735ms (cache revalidated)
npm http fetch GET 200 https://registry.npmjs.org/@babel%2fplugin-transform-react-pure-annotations 736ms (cache revalidated)
npm http fetch GET 200 https://registry.npmjs.org/browserify-zlib 752ms (cache revalidated)
npm http fetch GET 200 https://registry.npmjs.org/@babel%2fhelper-plugin-utils 869ms (cache revalidated)
npm http fetch GET 200 https://registry.npmjs.org/concat-stream 844ms (cache revalidated)
npm http fetch GET 200 https://registry.npmjs.org/assert 851ms (cache revalidated)
npm http fetch GET 200 https://registry.npmjs.org/constants-browserify 878ms (cache revalidated)
npm http fetch GET 200 https://registry.npmjs.org/crypto-browserify 884ms (cache revalidated)
npm http fetch GET 200 https://registry.npmjs.org/@babel%2fplugin-syntax-logical-assignment-operators 910ms (cache revalidated)
npm http fetch GET 200 https://registry.npmjs.org/@babel%2fplugin-transform-react-display-name 896ms (cache revalidated)
npm http fetch GET 200 https://registry.npmjs.org/https-browserify 917ms (cache revalidated)
npm http fetch GET 200 https://registry.npmjs.org/browser-pack 925ms (cache revalidated)
npm http fetch GET 200 https://registry.npmjs.org/@babel%2fplugin-transform-typeof-symbol 955ms (cache revalidated)
npm http fetch GET 200 https://registry.npmjs.org/duplexer2 950ms (cache revalidated)
npm http fetch GET 200 https://registry.npmjs.org/@babel%2fplugin-transform-property-literals 976ms (cache revalidated)
npm http fetch GET 200 https://registry.npmjs.org/@babel%2fplugin-transform-object-rest-spread 983ms (cache revalidated)
npm http fetch GET 200 https://registry.npmjs.org/domain-browser 988ms (cache revalidated)
npm http fetch GET 200 https://registry.npmjs.org/core-js-compat 1016ms (cache revalidated)
npm http fetch GET 200 https://registry.npmjs.org/defined 1012ms (cache revalidated)
npm http fetch GET 200 https://registry.npmjs.org/has 1009ms (cache revalidated)
npm http fetch GET 200 https://registry.npmjs.org/browser-resolve 1027ms (cache revalidated)
npm http fetch GET 200 https://registry.npmjs.org/parents 1042ms (cache revalidated)
npm http fetch GET 200 https://registry.npmjs.org/@babel%2fplugin-transform-shorthand-properties 1070ms (cache revalidated)
npm http fetch GET 200 https://registry.npmjs.org/events 1097ms (cache revalidated)
npm http fetch GET 200 https://registry.npmjs.org/@babel%2fhelper-plugin-utils 1135ms (cache revalidated)
npm http fetch GET 200 https://registry.npmjs.org/cached-path-relative 1127ms (cache revalidated)
npm http fetch GET 200 https://registry.npmjs.org/os-browserify 1126ms (cache revalidated)
npm http fetch GET 200 https://registry.npmjs.org/path-browserify 1148ms (cache revalidated)
npm http fetch GET 200 https://registry.npmjs.org/@babel%2fhelper-plugin-utils 1165ms (cache revalidated)
npm http fetch GET 200 https://registry.npmjs.org/@babel%2fplugin-transform-optional-catch-binding 1172ms (cache revalidated)
npm http fetch GET 200 https://registry.npmjs.org/@babel%2fplugin-transform-react-jsx 1166ms (cache revalidated)
npm http fetch GET 200 https://registry.npmjs.org/module-deps 1158ms (cache revalidated)
npm http fetch GET 200 https://registry.npmjs.org/punycode 1158ms (cache revalidated)
npm http fetch GET 200 https://registry.npmjs.org/resolve 1168ms (cache revalidated)
npm http fetch GET 200 https://registry.npmjs.org/querystring-es3 1182ms (cache revalidated)
npm http fetch GET 200 https://registry.npmjs.org/stream-http 1185ms (cache revalidated)
npm http fetch GET 200 https://registry.npmjs.org/@babel%2fplugin-syntax-optional-catch-binding 1215ms (cache revalidated)
npm http fetch GET 200 https://registry.npmjs.org/url 1189ms (cache revalidated)
npm http fetch GET 200 https://registry.npmjs.org/stream-browserify 1192ms (cache revalidated)
npm http fetch GET 200 https://registry.npmjs.org/read-only-stream 1217ms (cache revalidated)
npm http fetch GET 200 https://registry.npmjs.org/htmlescape 1219ms (cache revalidated)
npm http fetch GET 200 https://registry.npmjs.org/readable-stream 1216ms (cache revalidated)
npm http fetch GET 200 https://registry.npmjs.org/insert-module-globals 1221ms (cache revalidated)
npm http fetch GET 200 https://registry.npmjs.org/util 1217ms (cache revalidated)
npm http fetch GET 200 https://registry.npmjs.org/@babel%2fplugin-transform-named-capturing-groups-regex 1243ms (cache revalidated)
npm http fetch GET 200 https://registry.npmjs.org/@babel%2fplugin-syntax-unicode-sets-regex 1257ms (cache revalidated)
npm http fetch GET 200 https://registry.npmjs.org/@babel%2fpreset-modules 1243ms (cache revalidated)
npm http fetch GET 200 https://registry.npmjs.org/@babel%2fplugin-transform-regenerator 1249ms (cache revalidated)
npm http fetch GET 200 https://registry.npmjs.org/at-least-node 1247ms (cache revalidated)
npm http fetch GET 200 https://registry.npmjs.org/labeled-stream-splicer 1253ms (cache revalidated)
npm http fetch GET 200 https://registry.npmjs.org/deps-sort 1257ms (cache revalidated)
npm http fetch GET 200 https://registry.npmjs.org/subarg 1253ms (cache revalidated)
npm http fetch GET 200 https://registry.npmjs.org/mkdirp-classic 1257ms (cache revalidated)
npm http fetch GET 200 https://registry.npmjs.org/shell-quote 1256ms (cache revalidated)
npm http fetch GET 200 https://registry.npmjs.org/tty-browserify 1258ms (cache revalidated)
npm http fetch GET 200 https://registry.npmjs.org/@babel%2fplugin-transform-private-property-in-object 1275ms (cache revalidated)
npm http fetch GET 200 https://registry.npmjs.org/console-browserify 1271ms (cache revalidated)
npm http fetch GET 200 https://registry.npmjs.org/readable-stream 1258ms (cache revalidated)
npm http fetch GET 200 https://registry.npmjs.org/convert-source-map 1369ms (cache revalidated)
npm http fetch GET 200 https://registry.npmjs.org/string_decoder 1372ms (cache revalidated)
npm http fetch GET 200 https://registry.npmjs.org/xtend 1371ms (cache revalidated)
npm http fetch GET 200 https://registry.npmjs.org/universalify 1369ms (cache revalidated)
npm http fetch GET 200 https://registry.npmjs.org/@babel%2fplugin-transform-object-super 1395ms (cache revalidated)
npm http fetch GET 200 https://registry.npmjs.org/graceful-fs 1374ms (cache revalidated)
npm http fetch GET 200 https://registry.npmjs.org/xtend 1371ms (cache revalidated)
npm http fetch GET 200 https://registry.npmjs.org/@babel%2fplugin-syntax-json-strings 1409ms (cache revalidated)
npm http fetch GET 200 https://registry.npmjs.org/@babel%2fplugin-transform-function-name 1401ms (cache revalidated)
npm http fetch GET 200 https://registry.npmjs.org/jsonfile 1375ms (cache revalidated)
npm http fetch GET 200 https://registry.npmjs.org/@babel%2fplugin-transform-member-expression-literals 1403ms (cache revalidated)
npm http fetch GET 200 https://registry.npmjs.org/shasum 1390ms (cache revalidated)
npm http fetch GET 200 https://registry.npmjs.org/@babel%2fplugin-transform-unicode-escapes 1440ms (cache revalidated)
npm http fetch GET 200 https://registry.npmjs.org/anymatch 1421ms (cache revalidated)
npm http fetch GET 200 https://registry.npmjs.org/vm-browserify 1562ms (cache revalidated)
npm http fetch GET 200 https://registry.npmjs.org/timers-browserify 1695ms (cache revalidated)
npm http fetch GET 200 https://registry.npmjs.org/xtend 1781ms (cache revalidated)
npm http fetch GET 200 https://registry.npmjs.org/syntax-error 1892ms (cache revalidated)
npm http fetch GET 200 https://registry.npmjs.org/outpipe 1892ms (cache revalidated)
npm http fetch GET 200 https://registry.npmjs.org/@babel%2fplugin-transform-private-methods 2421ms (cache revalidated)
npm http fetch GET 200 https://registry.npmjs.org/globals 49ms (cache revalidated)
npm http fetch GET 200 https://registry.npmjs.org/to-fast-properties 57ms (cache revalidated)
npm http fetch GET 200 https://registry.npmjs.org/browserslist 61ms (cache revalidated)
npm http fetch GET 200 https://registry.npmjs.org/@babel%2fhelper-function-name 67ms (cache revalidated)
npm http fetch GET 200 https://registry.npmjs.org/jsesc 71ms (cache revalidated)
npm http fetch GET 200 https://registry.npmjs.org/@babel%2fhelper-hoist-variables 77ms (cache revalidated)
npm http fetch GET 200 https://registry.npmjs.org/@babel%2fhelper-environment-visitor 81ms (cache revalidated)
npm http fetch GET 200 https://registry.npmjs.org/@jridgewell%2ftrace-mapping 86ms (cache revalidated)
npm http fetch GET 200 https://registry.npmjs.org/@jridgewell%2fgen-mapping 92ms (cache revalidated)
npm http fetch GET 200 https://registry.npmjs.org/@babel%2fhelper-validator-identifier 99ms (cache revalidated)
npm http fetch GET 200 https://registry.npmjs.org/@jridgewell%2ftrace-mapping 105ms (cache revalidated)
npm http fetch GET 200 https://registry.npmjs.org/@babel%2fhelper-string-parser 109ms (cache revalidated)
npm http fetch GET 200 https://registry.npmjs.org/@babel%2fhighlight 114ms (cache revalidated)
npm http fetch GET 200 https://registry.npmjs.org/@jridgewell%2fgen-mapping 590ms (cache revalidated)
npm http fetch GET 200 https://registry.npmjs.org/@babel%2fhelper-split-export-declaration 763ms (cache revalidated)
npm http fetch GET 200 https://registry.npmjs.org/@babel%2fhelper-simple-access 1060ms (cache revalidated)
npm http fetch GET 200 https://registry.npmjs.org/@jridgewell%2fresolve-uri 71ms (cache revalidated)
npm http fetch GET 200 https://registry.npmjs.org/@jridgewell%2fsourcemap-codec 78ms (cache revalidated)
npm http fetch GET 200 https://registry.npmjs.org/@jridgewell%2fset-array 81ms (cache revalidated)
npm http fetch GET 200 https://registry.npmjs.org/@jridgewell%2fsourcemap-codec 102ms (cache revalidated)
npm http fetch GET 200 https://registry.npmjs.org/js-tokens 60ms (cache revalidated)
npm http fetch GET 200 https://registry.npmjs.org/yallist 42ms (cache revalidated)
npm http fetch GET 200 https://registry.npmjs.org/node-releases 44ms (cache revalidated)
npm http fetch GET 200 https://registry.npmjs.org/electron-to-chromium 46ms (cache revalidated)
npm http fetch GET 200 https://registry.npmjs.org/update-browserslist-db 61ms (cache revalidated)
npm http fetch GET 200 https://registry.npmjs.org/caniuse-lite 596ms (cache revalidated)
npm http fetch GET 200 https://registry.npmjs.org/@babel%2fhelper-annotate-as-pure 50ms (cache revalidated)
npm http fetch GET 200 https://registry.npmjs.org/@babel%2fhelper-skip-transparent-expression-wrappers 61ms (cache revalidated)
npm http fetch GET 200 https://registry.npmjs.org/@babel%2fhelper-optimise-call-expression 62ms (cache revalidated)
npm http fetch GET 200 https://registry.npmjs.org/@babel%2fhelper-replace-supers 62ms (cache revalidated)
npm http fetch GET 200 https://registry.npmjs.org/@babel%2fhelper-member-expression-to-functions 64ms (cache revalidated)
npm http fetch GET 200 https://registry.npmjs.org/@babel%2fhelper-define-polyfill-provider 141ms (cache revalidated)
npm http fetch GET 200 https://registry.npmjs.org/regenerator-transform 51ms (cache revalidated)
npm http fetch GET 200 https://registry.npmjs.org/esutils 59ms (cache revalidated)
npm http fetch GET 200 https://registry.npmjs.org/@babel%2fhelper-create-regexp-features-plugin 61ms (cache revalidated)
npm http fetch GET 200 https://registry.npmjs.org/@babel%2fhelper-create-regexp-features-plugin 63ms (cache revalidated)
npm http fetch GET 200 https://registry.npmjs.org/@babel%2fhelper-builder-binary-assignment-operator-visitor 69ms (cache revalidated)
npm http fetch GET 200 https://registry.npmjs.org/@babel%2fhelper-remap-async-to-generator 71ms (cache revalidated)
npm http fetch GET 200 https://registry.npmjs.org/@babel%2fhelper-create-regexp-features-plugin 73ms (cache revalidated)
npm http fetch GET 200 https://registry.npmjs.org/regexpu-core 35ms (cache revalidated)
npm http fetch GET 200 https://registry.npmjs.org/regjsparser 41ms (cache revalidated)
npm http fetch GET 200 https://registry.npmjs.org/regenerate-unicode-properties 41ms (cache revalidated)
npm http fetch GET 200 https://registry.npmjs.org/unicode-match-property-value-ecmascript 42ms (cache revalidated)
npm http fetch GET 200 https://registry.npmjs.org/@babel%2fregjsgen 52ms (cache revalidated)
npm http fetch GET 200 https://registry.npmjs.org/unicode-match-property-ecmascript 56ms (cache revalidated)
npm http fetch GET 200 https://registry.npmjs.org/regenerate 60ms (cache revalidated)
npm http fetch GET 200 https://registry.npmjs.org/@babel%2fhelper-wrap-function 105ms (cache revalidated)
npm http fetch GET 200 https://registry.npmjs.org/@babel%2fplugin-syntax-jsx 165ms (cache revalidated)
npm http fetch GET 200 https://registry.npmjs.org/lodash.debounce 54ms (cache revalidated)
npm http fetch GET 200 https://registry.npmjs.org/path-parse 55ms (cache revalidated)
npm http fetch GET 200 https://registry.npmjs.org/supports-preserve-symlinks-flag 69ms (cache revalidated)
npm http fetch GET 200 https://registry.npmjs.org/is-core-module 74ms (cache revalidated)
npm http fetch GET 200 https://registry.npmjs.org/randombytes 58ms (cache revalidated)
npm http fetch GET 200 https://registry.npmjs.org/object.assign 67ms (cache revalidated)
npm http fetch GET 200 https://registry.npmjs.org/acorn-node 61ms (cache revalidated)
npm http fetch GET 200 https://registry.npmjs.org/stream-combiner2 56ms (cache revalidated)
npm http fetch GET 200 https://registry.npmjs.org/create-hmac 66ms (cache revalidated)
npm http fetch GET 200 https://registry.npmjs.org/diffie-hellman 72ms (cache revalidated)
npm http fetch GET 200 https://registry.npmjs.org/browserify-cipher 73ms (cache revalidated)
npm http fetch GET 200 https://registry.npmjs.org/public-encrypt 73ms (cache revalidated)
npm http fetch GET 200 https://registry.npmjs.org/pbkdf2 73ms (cache revalidated)
npm http fetch GET 200 https://registry.npmjs.org/combine-source-map 72ms (cache revalidated)
npm http fetch GET 200 https://registry.npmjs.org/pako 89ms (cache revalidated)
npm http fetch GET 200 https://registry.npmjs.org/stream-splicer 86ms (cache revalidated)
npm http fetch GET 200 https://registry.npmjs.org/path-platform 92ms (cache revalidated)
npm http fetch GET 200 https://registry.npmjs.org/safe-buffer 91ms (cache revalidated)
npm http fetch GET 200 https://registry.npmjs.org/core-util-is 96ms (cache revalidated)
npm http fetch GET 200 https://registry.npmjs.org/create-ecdh 111ms (cache revalidated)
npm http fetch GET 200 https://registry.npmjs.org/undeclared-identifiers 105ms (cache revalidated)
npm http fetch GET 200 https://registry.npmjs.org/browserify-sign 116ms (cache revalidated)
npm http fetch GET 200 https://registry.npmjs.org/ieee754 126ms (cache revalidated)
npm http fetch GET 200 https://registry.npmjs.org/isarray 118ms (cache revalidated)
npm http fetch GET 200 https://registry.npmjs.org/is-buffer 125ms (cache revalidated)
npm http fetch GET 200 https://registry.npmjs.org/safe-buffer 122ms (cache revalidated)
npm http fetch GET 200 https://registry.npmjs.org/safe-buffer 143ms (cache revalidated)
npm http fetch GET 200 https://registry.npmjs.org/acorn-node 131ms (cache revalidated)
npm http fetch GET 200 https://registry.npmjs.org/process-nextick-args 140ms (cache revalidated)
npm http fetch GET 200 https://registry.npmjs.org/combine-source-map 168ms (cache revalidated)
npm http fetch GET 200 https://registry.npmjs.org/builtin-status-codes 153ms (cache revalidated)
npm http fetch GET 200 https://registry.npmjs.org/json-stable-stringify 155ms (cache revalidated)
npm http fetch GET 200 https://registry.npmjs.org/jsonparse 162ms (cache revalidated)
npm http fetch GET 200 https://registry.npmjs.org/qs 166ms (cache revalidated)
npm http fetch GET 200 https://registry.npmjs.org/sha.js 168ms (cache revalidated)
npm http fetch GET 200 https://registry.npmjs.org/util-deprecate 183ms (cache revalidated)
npm http fetch GET 200 https://registry.npmjs.org/umd 560ms (cache revalidated)
npm http fetch GET 200 https://registry.npmjs.org/create-hash 592ms (cache revalidated)
npm http fetch GET 200 https://registry.npmjs.org/detective 583ms (cache revalidated)
npm http fetch GET 200 https://registry.npmjs.org/randomfill 604ms (cache revalidated)
npm http fetch GET 200 https://registry.npmjs.org/shasum-object 605ms (cache revalidated)
npm http fetch GET 200 https://registry.npmjs.org/typedarray 646ms (cache revalidated)
npm http fetch GET 200 https://registry.npmjs.org/call-bind 49ms (cache revalidated)
npm http fetch GET 200 https://registry.npmjs.org/object-keys 47ms (cache revalidated)
npm http fetch GET 200 https://registry.npmjs.org/define-properties 50ms (cache revalidated)
npm http fetch GET 200 https://registry.npmjs.org/has-symbols 52ms (cache revalidated)
npm http fetch GET 200 https://registry.npmjs.org/lodash.memoize 37ms (cache revalidated)
npm http fetch GET 200 https://registry.npmjs.org/inline-source-map 45ms (cache revalidated)
npm http fetch GET 200 https://registry.npmjs.org/picocolors 100ms (cache revalidated)
npm http fetch GET 200 https://registry.npmjs.org/escalade 533ms (cache revalidated)
npm http fetch GET 200 https://registry.npmjs.org/pify 89ms (cache revalidated)
npm http fetch GET 200 https://registry.npmjs.org/buffer-crc32 96ms (cache revalidated)
npm http fetch GET 200 https://registry.npmjs.org/caseless 90ms (cache revalidated)
npm http fetch GET 200 https://registry.npmjs.org/agent-base 95ms (cache revalidated)
npm http fetch GET 200 https://registry.npmjs.org/archiver-utils 103ms (cache revalidated)
npm http fetch GET 200 https://registry.npmjs.org/https-proxy-agent 101ms (cache revalidated)
npm http fetch GET 200 https://registry.npmjs.org/tar-stream 103ms (cache revalidated)
npm http fetch GET 200 https://registry.npmjs.org/zip-stream 103ms (cache revalidated)
npm http fetch GET 200 https://registry.npmjs.org/decompress-unzip 103ms (cache revalidated)
npm http fetch GET 200 https://registry.npmjs.org/har-validator 111ms (cache revalidated)
npm http fetch GET 200 https://registry.npmjs.org/aws-sign2 118ms (cache revalidated)
npm http fetch GET 200 https://registry.npmjs.org/readdir-glob 132ms (cache revalidated)
npm http fetch GET 200 https://registry.npmjs.org/aws4 133ms (cache revalidated)
npm http fetch GET 200 https://registry.npmjs.org/ini 135ms (cache revalidated)
npm http fetch GET 200 https://registry.npmjs.org/json-stringify-safe 137ms (cache revalidated)
npm http fetch GET 200 https://registry.npmjs.org/make-dir 159ms (cache revalidated)
npm http fetch GET 200 https://registry.npmjs.org/@types%2fnode 165ms (cache revalidated)
npm http fetch GET 200 https://registry.npmjs.org/tunnel-agent 173ms (cache revalidated)
npm http fetch GET 200 https://registry.npmjs.org/isstream 175ms (cache revalidated)
npm http fetch GET 200 https://registry.npmjs.org/combined-stream 177ms (cache revalidated)
npm http fetch GET 200 https://registry.npmjs.org/http-signature 177ms (cache revalidated)
npm http fetch GET 200 https://registry.npmjs.org/performance-now 186ms (cache revalidated)
npm http fetch GET 200 https://registry.npmjs.org/is-typedarray 201ms (cache revalidated)
npm http fetch GET 200 https://registry.npmjs.org/oauth-sign 205ms (cache revalidated)
npm http fetch GET 200 https://registry.npmjs.org/boxen 205ms (cache revalidated)
npm http fetch GET 200 https://registry.npmjs.org/forever-agent 214ms (cache revalidated)
npm http fetch GET 200 https://registry.npmjs.org/extend 219ms (cache revalidated)
npm http fetch GET 200 https://registry.npmjs.org/extend 217ms (cache revalidated)
npm http fetch GET 200 https://registry.npmjs.org/configstore 234ms (cache revalidated)
npm http fetch GET 200 https://registry.npmjs.org/cycle 239ms (cache revalidated)
npm http fetch GET 200 https://registry.npmjs.org/temp-fs 260ms (cache revalidated)
npm http fetch GET 200 https://registry.npmjs.org/ajv 255ms (cache revalidated)
npm http fetch GET 200 https://registry.npmjs.org/import-lazy 265ms (cache revalidated)
npm http fetch GET 200 https://registry.npmjs.org/isstream 271ms (cache revalidated)
npm http fetch GET 200 https://registry.npmjs.org/mime-types 279ms (cache revalidated)
npm http fetch GET 200 https://registry.npmjs.org/require-directory 280ms (cache revalidated)
npm http fetch GET 200 https://registry.npmjs.org/latest-version 284ms (cache revalidated)
npm http fetch GET 200 https://registry.npmjs.org/tough-cookie 306ms (cache revalidated)
npm http fetch GET 200 https://registry.npmjs.org/is-npm 303ms (cache revalidated)
npm http fetch GET 200 https://registry.npmjs.org/xdg-basedir 303ms (cache revalidated)
npm http fetch GET 200 https://registry.npmjs.org/require-main-filename 323ms (cache revalidated)
npm http fetch GET 200 https://registry.npmjs.org/form-data 344ms (cache revalidated)
npm http fetch GET 200 https://registry.npmjs.org/semver-diff 338ms (cache revalidated)
npm http fetch GET 200 https://registry.npmjs.org/get-caller-file 339ms (cache revalidated)
npm http fetch GET 200 https://registry.npmjs.org/eyes 365ms (cache revalidated)
npm http fetch GET 200 https://registry.npmjs.org/stack-trace 370ms (cache revalidated)
npm http fetch GET 200 https://registry.npmjs.org/cliui 376ms (cache revalidated)
npm http fetch GET 200 https://registry.npmjs.org/is-yarn-global 398ms (cache revalidated)
npm http fetch GET 200 https://registry.npmjs.org/decamelize 400ms (cache revalidated)
npm http fetch GET 200 https://registry.npmjs.org/y18n 432ms (cache revalidated)
npm http fetch GET 200 https://registry.npmjs.org/has-yarn 440ms (cache revalidated)
npm http fetch GET 200 https://registry.npmjs.org/which-module 441ms (cache revalidated)
npm http fetch GET 200 https://registry.npmjs.org/ps-tree 594ms (cache revalidated)
npm http fetch GET 200 https://registry.npmjs.org/is-running 595ms (cache revalidated)
npm http fetch GET 200 https://registry.npmjs.org/decompress-tarbz2 599ms (cache revalidated)
npm http fetch GET 200 https://registry.npmjs.org/js-message 611ms (cache revalidated)
npm http fetch GET 200 https://registry.npmjs.org/decompress-targz 613ms (cache revalidated)
npm http fetch GET 200 https://registry.npmjs.org/event-pubsub 612ms (cache revalidated)
npm http fetch GET 200 https://registry.npmjs.org/strip-dirs 671ms (cache revalidated)
npm http fetch GET 200 https://registry.npmjs.org/slice-ansi 700ms (cache revalidated)
npm http fetch GET 200 https://registry.npmjs.org/js-queue 786ms (cache revalidated)
npm http fetch GET 200 https://registry.npmjs.org/decompress-tar 836ms (cache revalidated)
npm http fetch GET 200 https://registry.npmjs.org/pupa 865ms (cache revalidated)
npm http fetch GET 200 https://registry.npmjs.org/set-blocking 904ms (cache revalidated)
npm http fetch GET 200 https://registry.npmjs.org/lodash.union 37ms (cache revalidated)
npm http fetch GET 200 https://registry.npmjs.org/lodash.difference 53ms (cache revalidated)
npm http fetch GET 200 https://registry.npmjs.org/end-of-stream 45ms (cache revalidated)
npm http fetch GET 200 https://registry.npmjs.org/lodash.flatten 52ms (cache revalidated)
npm http fetch GET 200 https://registry.npmjs.org/fs-constants 45ms (cache revalidated)
npm http fetch GET 200 https://registry.npmjs.org/lodash.isplainobject 51ms (cache revalidated)
npm http fetch GET 200 https://registry.npmjs.org/lodash.defaults 59ms (cache revalidated)
npm http fetch GET 200 https://registry.npmjs.org/normalize-path 53ms (cache revalidated)
npm http fetch GET 200 https://registry.npmjs.org/lazystream 63ms (cache revalidated)
npm http fetch GET 200 https://registry.npmjs.org/bl 58ms (cache revalidated)
npm http fetch GET 200 https://registry.npmjs.org/compress-commons 58ms (cache revalidated)
npm http fetch GET 200 https://registry.npmjs.org/event-stream 107ms (cache revalidated)
npm http fetch GET 200 https://registry.npmjs.org/rimraf 108ms (cache revalidated)
npm http fetch GET 200 https://registry.npmjs.org/lower-case 56ms (cache revalidated)
npm http fetch GET 200 https://registry.npmjs.org/color-convert 47ms (cache revalidated)
npm http fetch GET 200 https://registry.npmjs.org/emoji-regex 56ms (cache revalidated)
npm http fetch GET 200 https://registry.npmjs.org/is-fullwidth-code-point 62ms (cache revalidated)
npm http fetch GET 200 https://registry.npmjs.org/argparse 37ms (cache revalidated)
npm http fetch GET 200 https://registry.npmjs.org/error-ex 39ms (cache revalidated)
npm http fetch GET 200 https://registry.npmjs.org/parent-module 42ms (cache revalidated)
npm http fetch GET 200 https://registry.npmjs.org/json-parse-even-better-errors 42ms (cache revalidated)
npm http fetch GET 200 https://registry.npmjs.org/lines-and-columns 43ms (cache revalidated)
npm http fetch GET 200 https://registry.npmjs.org/browserify-rsa 43ms (cache revalidated)
npm http fetch GET 200 https://registry.npmjs.org/evp_bytestokey 48ms (cache revalidated)
npm http fetch GET 200 https://registry.npmjs.org/ripemd160 45ms (cache revalidated)
npm http fetch GET 200 https://registry.npmjs.org/cipher-base 46ms (cache revalidated)
npm http fetch GET 200 https://registry.npmjs.org/parse-asn1 48ms (cache revalidated)
npm http fetch GET 200 https://registry.npmjs.org/cipher-base 48ms (cache revalidated)
npm http fetch GET 200 https://registry.npmjs.org/browserify-des 55ms (cache revalidated)
npm http fetch GET 200 https://registry.npmjs.org/elliptic 54ms (cache revalidated)
npm http fetch GET 200 https://registry.npmjs.org/bn.js 57ms (cache revalidated)
npm http fetch GET 200 https://registry.npmjs.org/miller-rabin 55ms (cache revalidated)
npm http fetch GET 200 https://registry.npmjs.org/browserify-rsa 56ms (cache revalidated)
npm http fetch GET 200 https://registry.npmjs.org/md5.js 58ms (cache revalidated)
npm http fetch GET 200 https://registry.npmjs.org/parse-asn1 57ms (cache revalidated)
npm http fetch GET 200 https://registry.npmjs.org/bn.js 75ms (cache revalidated)
npm http fetch GET 200 https://registry.npmjs.org/elliptic 80ms (cache revalidated)
npm http fetch GET 200 https://registry.npmjs.org/ripemd160 79ms (cache revalidated)
npm http fetch GET 200 https://registry.npmjs.org/browserify-aes 563ms (cache revalidated)
npm http fetch GET 200 https://registry.npmjs.org/des.js 45ms (cache revalidated)
npm http fetch GET 200 https://registry.npmjs.org/buffer-xor 47ms (cache revalidated)
npm http fetch GET 200 https://registry.npmjs.org/minimalistic-assert 53ms (cache revalidated)
npm http fetch GET 200 https://registry.npmjs.org/hmac-drbg 132ms (cache revalidated)
npm http fetch GET 200 https://registry.npmjs.org/brorand 135ms (cache revalidated)
npm http fetch GET 200 https://registry.npmjs.org/asn1.js 132ms (cache revalidated)
npm http fetch GET 200 https://registry.npmjs.org/hash.js 137ms (cache revalidated)
npm http fetch GET 200 https://registry.npmjs.org/minimalistic-crypto-utils 146ms (cache revalidated)
npm http fetch GET 200 https://registry.npmjs.org/hash-base 535ms (cache revalidated)
npm http fetch GET 200 https://registry.npmjs.org/merge-stream 52ms (cache revalidated)
npm http fetch GET 200 https://registry.npmjs.org/p-map 51ms (cache revalidated)
npm http fetch GET 200 https://registry.npmjs.org/cross-spawn 60ms (cache revalidated)
npm http fetch GET 200 https://registry.npmjs.org/ci-info 57ms (cache revalidated)
npm http fetch GET 200 https://registry.npmjs.org/rfdc 56ms (cache revalidated)
npm http fetch GET 200 https://registry.npmjs.org/onetime 63ms (cache revalidated)
npm http fetch GET 200 https://registry.npmjs.org/cli-truncate 61ms (cache revalidated)
npm http fetch GET 200 https://registry.npmjs.org/colorette 61ms (cache revalidated)
npm http fetch GET 200 https://registry.npmjs.org/restore-cursor 73ms (cache revalidated)
npm http fetch GET 200 https://registry.npmjs.org/@types%2fyauzl 74ms (cache revalidated)
npm http fetch GET 200 https://registry.npmjs.org/signal-exit 76ms (cache revalidated)
npm http fetch GET 200 https://registry.npmjs.org/strip-final-newline 77ms (cache revalidated)
npm http fetch GET 200 https://registry.npmjs.org/is-unicode-supported 71ms (cache revalidated)
npm http fetch GET 200 https://registry.npmjs.org/human-signals 82ms (cache revalidated)
npm http fetch GET 200 https://registry.npmjs.org/npm-run-path 89ms (cache revalidated)
npm http fetch GET 200 https://registry.npmjs.org/get-stream 91ms (cache revalidated)
npm http fetch GET 200 https://registry.npmjs.org/lodash.once 98ms (cache revalidated)
npm http fetch GET 200 https://registry.npmjs.org/throttleit 87ms (cache revalidated)
npm http fetch GET 200 https://registry.npmjs.org/fd-slicer 89ms (cache revalidated)
npm http fetch GET 200 https://registry.npmjs.org/rxjs 90ms (cache revalidated)
npm http fetch GET 200 https://registry.npmjs.org/wrap-ansi 98ms (cache revalidated)
npm http fetch GET 200 https://registry.npmjs.org/log-update 114ms (cache revalidated)
npm http fetch GET 200 https://registry.npmjs.org/get-stream 118ms (cache revalidated)
npm http fetch GET 200 https://registry.npmjs.org/delayed-stream 47ms (cache revalidated)
npm http fetch GET 200 https://registry.npmjs.org/jsprim 50ms (cache revalidated)
npm http fetch GET 200 https://registry.npmjs.org/assert-plus 55ms (cache revalidated)
npm http fetch GET 200 https://registry.npmjs.org/asynckit 56ms (cache revalidated)
npm http fetch GET 200 https://registry.npmjs.org/psl 58ms (cache revalidated)
npm http fetch GET 200 https://registry.npmjs.org/url-parse 72ms (cache revalidated)
npm http fetch GET 200 https://registry.npmjs.org/sshpk 76ms (cache revalidated)
npm http fetch GET 200 https://registry.npmjs.org/side-channel 86ms (cache revalidated)
npm http fetch GET 200 https://registry.npmjs.org/mime-db 556ms (cache revalidated)
npm http fetch GET 200 https://registry.npmjs.org/es6-promise 35ms (cache revalidated)
npm http fetch GET 200 https://registry.npmjs.org/cross-fetch 40ms (cache revalidated)
npm http fetch GET 200 https://registry.npmjs.org/file-type 34ms (cache revalidated)
npm http fetch GET 200 https://registry.npmjs.org/file-type 42ms (cache revalidated)
npm http fetch GET 200 https://registry.npmjs.org/unbzip2-stream 52ms (cache revalidated)
npm http fetch GET 200 https://registry.npmjs.org/file-type 54ms (cache revalidated)
npm http fetch GET 200 https://registry.npmjs.org/seek-bzip 74ms (cache revalidated)
npm http fetch GET 200 https://registry.npmjs.org/is-natural-number 529ms (cache revalidated)
npm http fetch GET 200 https://registry.npmjs.org/to-buffer 40ms (cache revalidated)
npm http fetch GET 200 https://registry.npmjs.org/buffer-alloc 157ms (cache revalidated)
npm http fetch GET 200 https://registry.npmjs.org/pinkie-promise 49ms (cache revalidated)
npm http fetch GET 200 https://registry.npmjs.org/fast-safe-stringify 50ms (cache revalidated)
npm http fetch GET 200 https://registry.npmjs.org/path-key 37ms (cache revalidated)
npm http fetch GET 200 https://registry.npmjs.org/which 40ms (cache revalidated)
npm http fetch GET 200 https://registry.npmjs.org/shebang-command 51ms (cache revalidated)
npm http fetch GET 200 https://registry.npmjs.org/path-key 57ms (cache revalidated)
npm http fetch GET 200 https://registry.npmjs.org/mimic-fn 210ms (cache revalidated)
npm http fetch GET 200 https://registry.npmjs.org/pump 529ms (cache revalidated)
npm http fetch GET 200 https://registry.npmjs.org/shebang-regex 38ms (cache revalidated)
npm http fetch GET 200 https://registry.npmjs.org/isexe 66ms (cache revalidated)
npm http fetch GET 200 https://registry.npmjs.org/undici-types 53ms (cache revalidated)
npm http fetch GET 200 https://registry.npmjs.org/pinkie 48ms (cache revalidated)
npm http fetch GET 200 https://registry.npmjs.org/@pkgjs%2fparseargs 68ms (cache revalidated)
npm http fetch GET 200 https://registry.npmjs.org/@isaacs%2fcliui 76ms (cache revalidated)
npm http fetch GET 200 https://registry.npmjs.org/jsbn 123ms (cache revalidated)
npm http fetch GET 200 https://registry.npmjs.org/json-schema 131ms (cache revalidated)
npm http fetch GET 200 https://registry.npmjs.org/bcrypt-pbkdf 135ms (cache revalidated)
npm http fetch GET 200 https://registry.npmjs.org/getpass 139ms (cache revalidated)
npm http fetch GET 200 https://registry.npmjs.org/ecc-jsbn 137ms (cache revalidated)
npm http fetch GET 200 https://registry.npmjs.org/tweetnacl 138ms (cache revalidated)
npm http fetch GET 200 https://registry.npmjs.org/asn1 144ms (cache revalidated)
npm http fetch GET 200 https://registry.npmjs.org/extsprintf 148ms (cache revalidated)
npm http fetch GET 200 https://registry.npmjs.org/verror 147ms (cache revalidated)
npm http fetch GET 200 https://registry.npmjs.org/dashdash 144ms (cache revalidated)
npm http fetch GET 200 https://registry.npmjs.org/safer-buffer 143ms (cache revalidated)
npm http fetch GET 200 https://registry.npmjs.org/callsites 56ms (cache revalidated)
npm http fetch GET 200 https://registry.npmjs.org/acorn-walk 39ms (cache revalidated)
npm http fetch GET 200 https://registry.npmjs.org/simple-concat 43ms (cache revalidated)
npm http fetch GET 200 https://registry.npmjs.org/acorn 47ms (cache revalidated)
npm http fetch GET 200 https://registry.npmjs.org/get-assigned-identifiers 526ms (cache revalidated)
npm http fetch GET 200 https://registry.npmjs.org/dash-ast 534ms (cache revalidated)
npm http fetch GET 200 https://registry.npmjs.org/eastasianwidth 54ms (cache revalidated)
npm http fetch GET 200 https://registry.npmjs.org/aggregate-error 59ms (cache revalidated)
npm http fetch GET 200 https://registry.npmjs.org/ansi-escapes 61ms (cache revalidated)
npm http fetch GET 200 https://registry.npmjs.org/astral-regex 45ms (cache revalidated)
npm http fetch GET 200 https://registry.npmjs.org/node-fetch 33ms (cache revalidated)
npm http fetch GET 200 https://registry.npmjs.org/whatwg-url 123ms (cache revalidated)
npm http fetch GET 200 https://registry.npmjs.org/concat-map 45ms (cache revalidated)
npm http fetch GET 200 https://registry.npmjs.org/balanced-match 50ms (cache revalidated)
npm http fetch GET 200 https://registry.npmjs.org/glob-parent 45ms (cache revalidated)
npm http fetch GET 200 https://registry.npmjs.org/path-exists 44ms (cache revalidated)
npm http fetch GET 200 https://registry.npmjs.org/camelcase 43ms (cache revalidated)
npm http fetch GET 200 https://registry.npmjs.org/readdirp 47ms (cache revalidated)
npm http fetch GET 200 https://registry.npmjs.org/is-plain-obj 59ms (cache revalidated)
npm http fetch GET 200 https://registry.npmjs.org/locate-path 60ms (cache revalidated)
npm http fetch GET 200 https://registry.npmjs.org/is-glob 62ms (cache revalidated)
npm http fetch GET 200 https://registry.npmjs.org/flat 60ms (cache revalidated)
npm http fetch GET 200 https://registry.npmjs.org/braces 63ms (cache revalidated)
npm http fetch GET 200 https://registry.npmjs.org/is-binary-path 63ms (cache revalidated)
npm http fetch GET 200 https://registry.npmjs.org/fsevents 82ms (cache revalidated)
npm http fetch GET 200 https://registry.npmjs.org/is-extglob 40ms (cache revalidated)
npm http fetch GET 200 https://registry.npmjs.org/picomatch 39ms (cache revalidated)
npm http fetch GET 200 https://registry.npmjs.org/binary-extensions 41ms (cache revalidated)
npm http fetch GET 200 https://registry.npmjs.org/fill-range 46ms (cache revalidated)
npm http fetch GET 200 https://registry.npmjs.org/picomatch 52ms (cache revalidated)
npm http fetch GET 200 https://registry.npmjs.org/to-regex-range 49ms (cache revalidated)
npm http fetch GET 200 https://registry.npmjs.org/is-number 40ms (cache revalidated)
npm http fetch GET 200 https://registry.npmjs.org/p-locate 36ms (cache revalidated)
npm http fetch GET 200 https://registry.npmjs.org/p-limit 36ms (cache revalidated)
npm http fetch GET 200 https://registry.npmjs.org/thenify 111ms (cache revalidated)
npm http fetch GET 200 https://registry.npmjs.org/webidl-conversions 45ms (cache revalidated)
npm http fetch GET 200 https://registry.npmjs.org/tr46 47ms (cache revalidated)
npm http fetch GET 200 https://registry.npmjs.org/easy-stack 582ms (cache revalidated)
npm http fetch GET 200 https://registry.npmjs.org/has-property-descriptors 42ms (cache revalidated)
npm http fetch GET 200 https://registry.npmjs.org/es-define-property 50ms (cache revalidated)
npm http fetch GET 200 https://registry.npmjs.org/define-data-property 49ms (cache revalidated)
npm http fetch GET 200 https://registry.npmjs.org/get-intrinsic 52ms (cache revalidated)
npm http fetch GET 200 https://registry.npmjs.org/es-errors 55ms (cache revalidated)
npm http fetch GET 200 https://registry.npmjs.org/function-bind 54ms (cache revalidated)
npm http fetch GET 200 https://registry.npmjs.org/set-function-length 66ms (cache revalidated)
npm http fetch GET 200 https://registry.npmjs.org/gopd 54ms (cache revalidated)
npm http fetch GET 200 https://registry.npmjs.org/hasown 55ms (cache revalidated)
npm http fetch GET 200 https://registry.npmjs.org/has-proto 58ms (cache revalidated)
npm http fetch GET 200 https://registry.npmjs.org/yocto-queue 72ms (cache revalidated)
npm http fetch GET 200 https://registry.npmjs.org/clean-stack 136ms (cache revalidated)
npm http fetch GET 200 https://registry.npmjs.org/is-arrayish 35ms (cache revalidated)
npm http fetch GET 200 https://registry.npmjs.org/from 41ms (cache revalidated)
npm http fetch GET 200 https://registry.npmjs.org/map-stream 42ms (cache revalidated)
npm http fetch GET 200 https://registry.npmjs.org/duplexer 45ms (cache revalidated)
npm http fetch GET 200 https://registry.npmjs.org/stream-combiner 44ms (cache revalidated)
npm http fetch GET 200 https://registry.npmjs.org/pause-stream 60ms (cache revalidated)
npm http fetch GET 200 https://registry.npmjs.org/object-inspect 43ms (cache revalidated)
npm http fetch GET 200 https://registry.npmjs.org/normalize-package-data 48ms (cache revalidated)
npm http fetch GET 200 https://registry.npmjs.org/@types%2fnormalize-package-data 94ms (cache revalidated)
npm http fetch GET 200 https://registry.npmjs.org/validate-npm-package-license 49ms (cache revalidated)
npm http fetch GET 200 https://registry.npmjs.org/hosted-git-info 50ms (cache revalidated)
npm http fetch GET 200 https://registry.npmjs.org/spdx-correct 43ms (cache revalidated)
npm http fetch GET 200 https://registry.npmjs.org/spdx-expression-parse 55ms (cache revalidated)
npm http fetch GET 200 https://registry.npmjs.org/unicode-property-aliases-ecmascript 119ms (cache revalidated)
npm http fetch GET 200 https://registry.npmjs.org/unicode-canonical-property-names-ecmascript 127ms (cache revalidated)
npm http fetch GET 200 https://registry.npmjs.org/har-schema 62ms (cache revalidated)
npm http fetch GET 200 https://registry.npmjs.org/uri-js 43ms (cache revalidated)
npm http fetch GET 200 https://registry.npmjs.org/fast-json-stable-stringify 44ms (cache revalidated)
npm http fetch GET 200 https://registry.npmjs.org/fast-deep-equal 52ms (cache revalidated)
npm http fetch GET 200 https://registry.npmjs.org/json-schema-traverse 53ms (cache revalidated)
npm http fetch GET 200 https://registry.npmjs.org/jsonify 36ms (cache revalidated)
npm http fetch GET 200 https://registry.npmjs.org/wrappy 37ms (cache revalidated)
npm http fetch GET 200 https://registry.npmjs.org/querystringify 37ms (cache revalidated)
npm http fetch GET 200 https://registry.npmjs.org/requires-port 49ms (cache revalidated)
npm http fetch GET 200 https://registry.npmjs.org/ansi-align 42ms (cache revalidated)
npm http fetch GET 200 https://registry.npmjs.org/unique-string 42ms (cache revalidated)
npm http fetch GET 200 https://registry.npmjs.org/widest-line 44ms (cache revalidated)
npm http fetch GET 200 https://registry.npmjs.org/cli-boxes 50ms (cache revalidated)
npm http fetch GET 200 https://registry.npmjs.org/write-file-atomic 50ms (cache revalidated)
npm http fetch GET 200 https://registry.npmjs.org/package-json 225ms (cache revalidated)
npm http fetch GET 200 https://registry.npmjs.org/escape-goat 533ms (cache revalidated)
npm http fetch GET 200 https://registry.npmjs.org/dot-prop 553ms (cache revalidated)
npm http fetch GET 200 https://registry.npmjs.org/is-obj 38ms (cache revalidated)
npm http fetch GET 200 https://registry.npmjs.org/typedarray-to-buffer 41ms (cache revalidated)
npm http fetch GET 200 https://registry.npmjs.org/crypto-random-string 46ms (cache revalidated)
npm http fetch GET 200 https://registry.npmjs.org/imurmurhash 157ms (cache revalidated)
npm http fetch GET 200 https://registry.npmjs.org/registry-url 45ms (cache revalidated)
npm http fetch GET 200 https://registry.npmjs.org/registry-auth-token 56ms (cache revalidated)
npm http fetch GET 200 https://registry.npmjs.org/got 59ms (cache revalidated)
npm http fetch GET 200 https://registry.npmjs.org/url-parse-lax 38ms (cache revalidated)
npm http fetch GET 200 https://registry.npmjs.org/cacheable-request 42ms (cache revalidated)
npm http fetch GET 200 https://registry.npmjs.org/rc 43ms (cache revalidated)
npm http fetch GET 200 https://registry.npmjs.org/decompress-response 46ms (cache revalidated)
npm http fetch GET 200 https://registry.npmjs.org/rc 45ms (cache revalidated)
npm http fetch GET 200 https://registry.npmjs.org/duplexer3 48ms (cache revalidated)
npm http fetch GET 200 https://registry.npmjs.org/mimic-response 48ms (cache revalidated)
npm http fetch GET 200 https://registry.npmjs.org/lowercase-keys 62ms (cache revalidated)
npm http fetch GET 200 https://registry.npmjs.org/@sindresorhus%2fis 68ms (cache revalidated)
npm http fetch GET 200 https://registry.npmjs.org/@szmarczak%2fhttp-timer 82ms (cache revalidated)
npm http fetch GET 200 https://registry.npmjs.org/p-cancelable 84ms (cache revalidated)
npm http fetch GET 200 https://registry.npmjs.org/to-readable-stream 534ms (cache revalidated)
npm http fetch GET 200 https://registry.npmjs.org/prepend-http 40ms (cache revalidated)
npm http fetch GET 200 https://registry.npmjs.org/clone-response 45ms (cache revalidated)
npm http fetch GET 200 https://registry.npmjs.org/responselike 47ms (cache revalidated)
npm http fetch GET 200 https://registry.npmjs.org/defer-to-connect 64ms (cache revalidated)
npm http fetch GET 200 https://registry.npmjs.org/http-cache-semantics 63ms (cache revalidated)
npm http fetch GET 200 https://registry.npmjs.org/keyv 64ms (cache revalidated)
npm http fetch GET 200 https://registry.npmjs.org/normalize-url 69ms (cache revalidated)
npm http fetch GET 200 https://registry.npmjs.org/json-buffer 38ms (cache revalidated)
npm http fetch GET 200 https://registry.npmjs.org/deep-extend 34ms (cache revalidated)
npm http fetch GET 200 https://registry.npmjs.org/spdx-exceptions 38ms (cache revalidated)
npm http fetch GET 200 https://registry.npmjs.org/spdx-license-ids 38ms (cache revalidated)
npm http fetch GET 200 https://registry.npmjs.org/pend 34ms (cache revalidated)
npm http fetch GET 200 https://registry.npmjs.org/crc32-stream 525ms (cache revalidated)
npm http fetch GET 200 https://registry.npmjs.org/crc-32 112ms (cache revalidated)
npm http fetch GET 200 https://registry.npmjs.org/color-name 48ms (cache revalidated)
npm http fetch GET 200 https://registry.npmjs.org/buffer-fill 45ms (cache revalidated)
npm http fetch GET 200 https://registry.npmjs.org/buffer-alloc-unsafe 59ms (cache revalidated)
npm http fetch GET 200 https://registry.npmjs.org/p-try 545ms (cache revalidated)
npm http fetch GET 200 https://registry.npmjs.org/is-arguments 52ms (cache revalidated)
npm http fetch GET 200 https://registry.npmjs.org/is-generator-function 53ms (cache revalidated)
npm http fetch GET 200 https://registry.npmjs.org/which-typed-array 53ms (cache revalidated)
npm http fetch GET 200 https://registry.npmjs.org/is-typed-array 53ms (cache revalidated)
npm http fetch GET 200 https://registry.npmjs.org/has-tostringtag 35ms (cache revalidated)
npm http fetch GET 200 https://registry.npmjs.org/has-tostringtag 55ms (cache revalidated)
npm http fetch GET 200 https://registry.npmjs.org/available-typed-arrays 57ms (cache revalidated)
npm http fetch GET 200 https://registry.npmjs.org/for-each 121ms (cache revalidated)
npm http fetch GET 200 https://registry.npmjs.org/possible-typed-array-names 121ms (cache revalidated)
npm http fetch GET 200 https://registry.npmjs.org/is-callable 121ms (cache revalidated)
npm verb reify failed optional dependency /Users/sanguine/Tutorial/Intensive/mima-journey/tmpBstackPackages/node_modules/@esbuild/win32-x64
npm verb reify failed optional dependency /Users/sanguine/Tutorial/Intensive/mima-journey/tmpBstackPackages/node_modules/@esbuild/win32-ia32
npm verb reify failed optional dependency /Users/sanguine/Tutorial/Intensive/mima-journey/tmpBstackPackages/node_modules/@esbuild/win32-arm64
npm verb reify failed optional dependency /Users/sanguine/Tutorial/Intensive/mima-journey/tmpBstackPackages/node_modules/@esbuild/sunos-x64
npm verb reify failed optional dependency /Users/sanguine/Tutorial/Intensive/mima-journey/tmpBstackPackages/node_modules/@esbuild/openbsd-x64
npm verb reify failed optional dependency /Users/sanguine/Tutorial/Intensive/mima-journey/tmpBstackPackages/node_modules/@esbuild/netbsd-x64
npm verb reify failed optional dependency /Users/sanguine/Tutorial/Intensive/mima-journey/tmpBstackPackages/node_modules/@esbuild/linux-x64
npm verb reify failed optional dependency /Users/sanguine/Tutorial/Intensive/mima-journey/tmpBstackPackages/node_modules/@esbuild/linux-s390x
npm verb reify failed optional dependency /Users/sanguine/Tutorial/Intensive/mima-journey/tmpBstackPackages/node_modules/@esbuild/linux-riscv64
npm verb reify failed optional dependency /Users/sanguine/Tutorial/Intensive/mima-journey/tmpBstackPackages/node_modules/@esbuild/linux-ppc64
npm verb reify failed optional dependency /Users/sanguine/Tutorial/Intensive/mima-journey/tmpBstackPackages/node_modules/@esbuild/linux-mips64el
npm verb reify failed optional dependency /Users/sanguine/Tutorial/Intensive/mima-journey/tmpBstackPackages/node_modules/@esbuild/linux-loong64
npm verb reify failed optional dependency /Users/sanguine/Tutorial/Intensive/mima-journey/tmpBstackPackages/node_modules/@esbuild/linux-ia32
npm verb reify failed optional dependency /Users/sanguine/Tutorial/Intensive/mima-journey/tmpBstackPackages/node_modules/@esbuild/linux-arm64
npm verb reify failed optional dependency /Users/sanguine/Tutorial/Intensive/mima-journey/tmpBstackPackages/node_modules/@esbuild/linux-arm
npm verb reify failed optional dependency /Users/sanguine/Tutorial/Intensive/mima-journey/tmpBstackPackages/node_modules/@esbuild/freebsd-x64
npm verb reify failed optional dependency /Users/sanguine/Tutorial/Intensive/mima-journey/tmpBstackPackages/node_modules/@esbuild/freebsd-arm64
npm verb reify failed optional dependency /Users/sanguine/Tutorial/Intensive/mima-journey/tmpBstackPackages/node_modules/@esbuild/darwin-x64
npm verb reify failed optional dependency /Users/sanguine/Tutorial/Intensive/mima-journey/tmpBstackPackages/node_modules/@esbuild/android-x64
npm verb reify failed optional dependency /Users/sanguine/Tutorial/Intensive/mima-journey/tmpBstackPackages/node_modules/@esbuild/android-arm64
npm verb reify failed optional dependency /Users/sanguine/Tutorial/Intensive/mima-journey/tmpBstackPackages/node_modules/@esbuild/android-arm
npm verb reify failed optional dependency /Users/sanguine/Tutorial/Intensive/mima-journey/tmpBstackPackages/node_modules/@esbuild/aix-ppc64
npm http fetch POST 200 https://registry.npmjs.org/-/npm/v1/security/advisories/bulk 914ms
npm WARN deprecated @babel/plugin-proposal-class-properties@7.18.6: This proposal has been merged to the ECMAScript standard and thus this plugin is no longer maintained. Please use @babel/plugin-transform-class-properties instead.
npm WARN deprecated har-validator@5.1.5: this library is no longer supported
npm WARN deprecated @babel/plugin-proposal-object-rest-spread@7.20.7: This proposal has been merged to the ECMAScript standard and thus this plugin is no longer maintained. Please use @babel/plugin-transform-object-rest-spread instead.
npm WARN deprecated uuid@3.4.0: Please upgrade  to version 7 or higher.  Older versions may use Math.random() in certain circumstances, which is known to be problematic.  See https://v8.dev/blog/math-random for details.
npm WARN deprecated request@2.88.2: request has been deprecated, see https://github.com/request/request/issues/3142
npm info run cypress@13.6.6 postinstall node_modules/cypress node index.js --exec install
npm info run esbuild@0.19.12 postinstall node_modules/esbuild node install.js
npm info run esbuild@0.19.12 postinstall { code: 0, signal: null }
npm info run cypress@13.6.6 postinstall { code: 0, signal: null }

added 929 packages, and audited 930 packages in 41s

109 packages are looking for funding
  run `npm fund` for details

7 moderate severity vulnerabilities

To address all issues (including breaking changes), run:
  npm audit fix --force

Run `npm audit` for details.
npm verb exit 0
npm info ok 
